============================= test session starts ==============================
platform darwin -- Python 3.12.7, pytest-9.0.3, pluggy-1.6.0
rootdir: /Volumes/External SSD/optimizer
configfile: pyproject.toml
testpaths: tests
plugins: cov-7.1.0, hypothesis-6.151.9, asyncio-1.3.0, anyio-4.13.0
asyncio: mode=Mode.STRICT, debug=False, asyncio_default_fixture_loop_scope=None, asyncio_default_test_loop_scope=function
collected 2990 items

tests/cli/test_assemble_regime_data.py .............                     [  0%]
tests/cli/test_currency_normalization.py ............................... [  1%]
..                                                                       [  1%]
tests/cli/test_data_assembly_core.py ................................... [  2%]
............                                                             [  3%]
tests/cli/test_data_assembly_dedup.py ..............................     [  4%]
tests/cli/test_data_assembly_region_hash.py ......................       [  4%]
tests/cli/test_portfolio.py ........................................     [  6%]
tests/cli/test_required_regime_columns.py .....                          [  6%]
tests/cluster/test_factory.py .....................                      [  7%]
tests/distance/test_factory.py .............................             [  8%]
tests/factors/test_alpha.py .................                            [  8%]
tests/factors/test_config.py ........................................... [ 10%]
..................................                                       [ 11%]
tests/factors/test_construction.py ..................................... [ 12%]
..........                                                               [ 12%]
tests/factors/test_diagnostics.py ...............................        [ 13%]
tests/factors/test_factor_coverage.py .....................              [ 14%]
tests/factors/test_forward_return_boundary.py ...........                [ 14%]
tests/factors/test_integration.py ................................       [ 15%]
tests/factors/test_mimicking.py ..................................       [ 17%]
tests/factors/test_ml_scoring.py ................................        [ 18%]
tests/factors/test_oos_validation.py ........................            [ 18%]
tests/factors/test_pit_history.py ...............                        [ 19%]
tests/factors/test_quintile.py ........................                  [ 20%]
tests/factors/test_regime.py ........................................... [ 21%]
....                                                                     [ 21%]
tests/factors/test_scoring.py .......................................... [ 23%]
.............................                                            [ 24%]
tests/factors/test_sector_bands.py .........................             [ 25%]
tests/factors/test_selection.py ...........................              [ 25%]
tests/factors/test_standardization.py .................................. [ 27%]
...............                                                          [ 27%]
tests/factors/test_validation.py ....................................... [ 28%]
......................................                                   [ 30%]
tests/fx/test_converter.py ...............                               [ 30%]
tests/fx/test_decomposition.py ......                                    [ 30%]
tests/fx/test_pipeline_fx_integration.py ..................              [ 31%]
tests/fx/test_rates.py ...................                               [ 32%]
tests/linear_model/test_factory.py .............                         [ 32%]
tests/moments/test_config.py ..........                                  [ 32%]
tests/moments/test_factory.py .........................................  [ 34%]
tests/moments/test_partial_fit.py .....                                  [ 34%]
tests/moments/test_scaling.py .................................          [ 35%]
tests/moments/test_variance.py .............                             [ 35%]
tests/online/test_online_predict_matches_loop.py .....                   [ 36%]
tests/online/test_partial_fit_smoke.py ..                                [ 36%]
tests/online/test_pipeline_rejected.py .....                             [ 36%]
tests/optimization/test_benchmark_tracker.py .................           [ 36%]
tests/optimization/test_config.py ....................                   [ 37%]
tests/optimization/test_dr_cvar.py ................                      [ 38%]
tests/optimization/test_factory.py ..................................... [ 39%]
...........                                                              [ 39%]
tests/optimization/test_herc.py ...............                          [ 40%]
tests/optimization/test_hrp.py ......................                    [ 40%]
tests/optimization/test_max_diversification.py ................          [ 41%]
tests/optimization/test_naive.py ........................                [ 42%]
tests/optimization/test_nco.py .................                         [ 42%]
tests/optimization/test_regime_blended_mean_risk.py .........            [ 43%]
tests/optimization/test_region_constraints.py .................          [ 43%]
tests/optimization/test_risk_budgeting.py ....................           [ 44%]
tests/optimization/test_robust.py .....................                  [ 45%]
tests/optimization/test_schur.py ......................                  [ 45%]
tests/optimization/test_stacking.py .................                    [ 46%]
tests/pipeline/test_builder.py ........                                  [ 46%]
tests/pipeline/test_delisting_integration.py ......                      [ 46%]
tests/pipeline/test_orchestrator.py .................................... [ 48%]
.............................                                            [ 49%]
tests/pipeline/test_sector_bands_integration.py ........................ [ 49%]
..                                                                       [ 49%]
tests/pre_selection/test_pipeline.py ................................... [ 51%]
.....                                                                    [ 51%]
tests/preprocessing/test_cs_reexports.py .....                           [ 51%]
tests/preprocessing/test_cs_transformers.py ......................       [ 52%]
tests/preprocessing/test_delisting.py .....                              [ 52%]
tests/preprocessing/test_imputation.py .............                     [ 52%]
tests/preprocessing/test_outliers.py .............                       [ 53%]
tests/preprocessing/test_regression_imputer.py .......................   [ 53%]
tests/preprocessing/test_validation.py ...........                       [ 54%]
tests/rebalancing/test_config.py ........................                [ 55%]
tests/rebalancing/test_rebalancer.py .................................   [ 56%]
tests/research/data/test_container.py ..........................         [ 57%]
tests/research/data/test_currency.py ....................                [ 57%]
tests/research/data/test_equity.py ...............                       [ 58%]
tests/research/data/test_helpers.py ......................               [ 58%]
tests/research/data/test_history.py .........                            [ 59%]
tests/research/data/test_init.py ...............                         [ 59%]
tests/research/data/test_macro.py ............                           [ 60%]
tests/research/data/test_orchestrator.py ..........                      [ 60%]
tests/research/data/test_regime.py .................                     [ 61%]
tests/research/data/test_sentiment.py .......                            [ 61%]
tests/research/strategies/test_inspect.py ...................            [ 61%]
tests/research/strategies/test_runner.py ............................... [ 63%]
.............                                                            [ 63%]
tests/research/test_backtest_plots.py .............                      [ 63%]
tests/research/test_checklist_17.py ................................     [ 64%]
tests/research/test_cli.py ................                              [ 65%]
tests/research/test_cli_imports.py ..                                    [ 65%]
tests/research/test_country_costs.py ....................                [ 66%]
tests/research/test_cycle2_boundary_gate.py ....................         [ 66%]
tests/research/test_factor_coverage_gate.py ....                         [ 67%]
tests/research/test_factors_init.py ...........                          [ 67%]
tests/research/test_import_boundaries.py ........                        [ 67%]
tests/research/test_load_data_integration.py ..........                  [ 67%]
tests/research/test_optimization.py ........                             [ 68%]
tests/research/test_optimization_helpers.py .......                      [ 68%]
tests/research/test_optimization_init.py ............................... [ 69%]
.......                                                                  [ 69%]
tests/research/test_persistence.py ...............                       [ 70%]
tests/research/test_pipeline_checklist.py ........................       [ 71%]
tests/research/test_pipeline_factors.py ...........                      [ 71%]
tests/research/test_pipeline_init_boundary.py ............               [ 71%]
tests/research/test_pipeline_load.py .........                           [ 72%]
tests/research/test_pipeline_metrics.py ................................ [ 73%]
                                                                         [ 73%]
tests/research/test_pipeline_optimize.py .......                         [ 73%]
tests/research/test_pipeline_package.py ............                     [ 73%]
tests/research/test_pipeline_parity.py ....sssss                         [ 74%]
tests/research/test_pipeline_regime.py ......                            [ 74%]
tests/research/test_pipeline_screen.py ......                            [ 74%]
tests/research/test_pipeline_smoke.py .........                          [ 74%]
tests/research/test_preflight.py ....................................... [ 76%]
                                                                         [ 76%]
tests/research/test_preprocessing.py .............                       [ 76%]
tests/research/test_rebalance_boundary.py ...............                [ 77%]
tests/research/test_rebalance_wiring.py .......                          [ 77%]
tests/research/test_regime_data_assembly.py ....                         [ 77%]
tests/research/test_region_constraints.py ...................            [ 78%]
tests/research/test_report.py ...................                        [ 78%]
tests/research/test_reporting_boundaries.py ............                 [ 79%]
tests/research/test_reporting_init.py .........                          [ 79%]
tests/research/test_returns.py ...............                           [ 79%]
tests/research/test_runbook.py .................                         [ 80%]
tests/research/test_screen_investable.py ..........                      [ 80%]
tests/research/test_select_optimizer.py ...........                      [ 81%]
tests/research/test_stock_selection_pipeline.py ........................ [ 82%]
........................................................................ [ 84%]
...                                                                      [ 84%]
tests/research/test_top4_loop.py ............................            [ 85%]
tests/scheduler/test_fetch_payloads.py ........                          [ 85%]
tests/scheduler/test_fetch_walk_forward_smoke.py .................       [ 86%]
tests/scheduler/test_smoke_workflow.py ............................      [ 87%]
tests/scoring/test_config.py ..........                                  [ 87%]
tests/scoring/test_factory.py .......                                    [ 87%]
tests/scoring/test_information_ratio.py .................                [ 88%]
tests/synthetic/test_config.py .......................                   [ 89%]
tests/synthetic/test_factory.py ...........................              [ 90%]
tests/test_properties.py ........                                        [ 90%]
tests/test_risk_free_rate.py .........                                   [ 90%]
tests/tuning/test_config.py ........                                     [ 90%]
tests/tuning/test_factory.py .....                                       [ 91%]
tests/uncertainty_set/test_factory.py ............................       [ 91%]
tests/uncertainty_set/test_robust_integration.py ....                    [ 92%]
tests/universe/test_config.py ...............                            [ 92%]
tests/universe/test_factory.py ...                                       [ 92%]
tests/universe/test_screener.py ...............................          [ 93%]
tests/validation/test_config.py ...............                          [ 94%]
tests/validation/test_factory.py ....................                    [ 94%]
tests/validation/test_forecast.py .....                                  [ 95%]
tests/validation/test_metadata_routing.py ...............                [ 95%]
tests/validation/test_online_forecast.py ....                            [ 95%]
tests/validation/test_regime_validation.py ............................. [ 96%]
...                                                                      [ 96%]
tests/views/test_config.py ............................                  [ 97%]
tests/views/test_factory.py ............................................ [ 99%]
...X....                                                                 [ 99%]
tests/views/test_uncertainty.py ................                         [100%]

=============================== warnings summary ===============================
tests/cli/test_assemble_regime_data.py::TestFfillLimitRespected::test_value_beyond_limit_becomes_nan
  /Volumes/External SSD/optimizer/tests/cli/test_assemble_regime_data.py:58: UserWarning: Regime data column 'pmi' has 46 trailing NaN rows after forward-filling (fill_limit=45). Last valid observation: 2024-01-01. Regime classification may fall back to UNKNOWN for recent dates.
    result = assemble_regime_data(_empty_macro(), fred, te_obs, fill_limit=45)

tests/cli/test_assemble_regime_data.py::TestIndexValidationAndCoercion::test_unconvertible_index_raises_value_error
  /Volumes/External SSD/optimizer/tests/cli/test_assemble_regime_data.py:249: UserWarning: Part 1 has a Index index; attempting coercion to DatetimeIndex.
    assemble_regime_data(_empty_macro(), fred, te_bad, fill_limit=45)

tests/cli/test_assemble_regime_data.py::TestIndexValidationAndCoercion::test_unconvertible_index_raises_value_error
  /Volumes/External SSD/optimizer/research/data/_regime.py:140: UserWarning: Could not infer format, so each element will be parsed individually, falling back to `dateutil`. To ensure parsing is consistent and as-expected, please specify a format.
    parts[i] = p.set_index(pd.to_datetime(p.index))

tests/factors/test_factor_coverage.py::TestBuildFactorScoresHistoryExceptionHandling::test_logger_warning_emitted_on_date_failure
  /Volumes/External SSD/optimizer/tests/factors/test_factor_coverage.py:189: UserWarning: fundamental_history is None — using snapshot fundamentals for all rebalancing dates.  This may introduce look-ahead bias into factor scores computed before snapshot data was available.
    result = build_factor_scores_history(

tests/factors/test_factor_coverage.py::TestBuildFactorScoresHistoryExceptionHandling::test_coverage_error_raised_when_all_fail
  /Volumes/External SSD/optimizer/tests/factors/test_factor_coverage.py:226: UserWarning: fundamental_history is None — using snapshot fundamentals for all rebalancing dates.  This may introduce look-ahead bias into factor scores computed before snapshot data was available.
    build_factor_scores_history(

tests/factors/test_factor_coverage.py::TestBuildFactorScoresHistoryExceptionHandling::test_no_coverage_error_when_enough_succeed
  /Volumes/External SSD/optimizer/tests/factors/test_factor_coverage.py:265: UserWarning: fundamental_history is None — using snapshot fundamentals for all rebalancing dates.  This may introduce look-ahead bias into factor scores computed before snapshot data was available.
    result = build_factor_scores_history(

tests/factors/test_factor_coverage.py::TestBuildFactorScoresHistoryExceptionHandling::test_health_returned_as_third_element
  /Volumes/External SSD/optimizer/tests/factors/test_factor_coverage.py:290: UserWarning: fundamental_history is None — using snapshot fundamentals for all rebalancing dates.  This may introduce look-ahead bias into factor scores computed before snapshot data was available.
    result = build_factor_scores_history(

tests/factors/test_factor_coverage.py::TestBuildFactorScoresHistoryExceptionHandling::test_custom_min_success_fraction
  /Volumes/External SSD/optimizer/tests/factors/test_factor_coverage.py:337: UserWarning: fundamental_history is None — using snapshot fundamentals for all rebalancing dates.  This may introduce look-ahead bias into factor scores computed before snapshot data was available.
    build_factor_scores_history(

tests/factors/test_scoring.py::TestICFallbackStrategy::test_ic_raise_fallback
  /Volumes/External SSD/optimizer/tests/factors/test_scoring.py:968: UserWarning: All 6/6 factor groups have non-positive IC; falling back to 'raise' strategy. Consider increasing ic_lookback or checking factor data quality.
    compute_ic_weighted_composite(group_scores, ic_history, config)

tests/factors/test_scoring.py::TestICFallbackStrategy::test_icir_raise_fallback
  /Volumes/External SSD/optimizer/tests/factors/test_scoring.py:982: UserWarning: All 6/6 factor groups have non-positive ICIR; falling back to 'raise' strategy. Consider increasing ic_lookback or checking factor data quality.
    compute_icir_weighted_composite(group_scores, ic_per_group, config)

tests/moments/test_factory.py::TestIntegration::test_adaptive_prior_fit
tests/moments/test_factory.py::TestIntegration::test_adaptive_prior_fit
  /Users/silviobaratto/anaconda3/envs/optimizer/lib/python3.12/site-packages/skfolio/utils/tools.py:1029: FutureWarning: The 'alpha' parameter is deprecated and will be removed in a future version. Use 'half_life' instead. Conversion: half_life = -ln(2) / ln(1 - alpha).
    return method_caller(X, y, **routed, **extra_params)

tests/optimization/test_regime_blended_mean_risk.py::TestEntropyPoolingViewConflictRaises::test_extreme_mean_view_raises
  /Users/silviobaratto/anaconda3/envs/optimizer/lib/python3.12/site-packages/skfolio/prior/_entropy_pooling.py:1081: RuntimeWarning: overflow encountered in exp
    z = self._prior_sample_weight * np.exp(-a @ x - 1)

tests/research/test_stock_selection_pipeline.py::TestClassifyAndTiltCachesRegime::test_when_regime_persistence_supplied_then_upsert_called_with_us
tests/research/test_stock_selection_pipeline.py::TestClassifyAndTiltCachesRegime::test_when_db_manager_omitted_no_persistence_attempt
  /Volumes/External SSD/optimizer/research/pipeline/_regime.py:59: UserWarning: Part 0 has a RangeIndex index; attempting coercion to DatetimeIndex.
    regime_data = assemble_regime_data(

tests/synthetic/test_factory.py::TestIntegration::test_stress_test_fit_produces_moments
tests/synthetic/test_factory.py::TestIntegration::test_stressed_covariance_differs_from_unconditional
  /Users/silviobaratto/anaconda3/envs/optimizer/lib/python3.12/site-packages/skfolio/distribution/multivariate/_vine_copula.py:568: UserWarning: When performing conditional sampling, it is recommended to set conditioning assets as central during Vine Copula construction. The following conditioning assets were not set as central: {0}. This can be achieved by using the `central_assets` parameter.
    self._init_conditioning(n_samples=n_samples, conditioning=conditioning)

tests/validation/test_metadata_routing.py::TestBenchmarkYRouting::test_run_cross_val_completes
tests/validation/test_metadata_routing.py::TestBenchmarkYRouting::test_run_cross_val_completes
tests/validation/test_metadata_routing.py::TestBenchmarkYRouting::test_correct_number_of_folds
tests/validation/test_metadata_routing.py::TestBenchmarkYRouting::test_correct_number_of_folds
tests/validation/test_metadata_routing.py::TestBenchmarkYRouting::test_fold_date_ranges_are_non_overlapping
tests/validation/test_metadata_routing.py::TestBenchmarkYRouting::test_fold_date_ranges_are_non_overlapping
tests/validation/test_metadata_routing.py::TestBenchmarkYRouting::test_weights_sum_to_one_per_fold
tests/validation/test_metadata_routing.py::TestBenchmarkYRouting::test_weights_sum_to_one_per_fold
  /Users/silviobaratto/anaconda3/envs/optimizer/lib/python3.12/site-packages/skfolio/moments/covariance/_base.py:362: UserWarning: The covariance matrix is not positive definite. The Clipping algorithm will be used to find the nearest positive definite covariance.
    covariance = cov_nearest(

-- Docs: https://docs.pytest.org/en/stable/how-to/capture-warnings.html
====== 2984 passed, 5 skipped, 1 xpassed, 25 warnings in 60.79s (0:01:00) ======
